<?xml version="1.0" encoding="UTF-8"?>
<testng-results ignored="0" total="2" passed="2" failed="0" skipped="0">
  <reporter-output>
  </reporter-output>
  <suite started-at="2024-04-21T14:04:35 BST" name="Default suite" finished-at="2024-04-21T14:06:32 BST" duration-ms="116813">
    <groups>
    </groups>
    <test started-at="2024-04-21T14:04:35 BST" name="Default test" finished-at="2024-04-21T14:06:32 BST" duration-ms="116813">
      <class name="ordersTest.ProductOrdersTest">
        <test-method is-config="true" signature="loginApplication()[pri:0, instance:ordersTest.ProductOrdersTest@65987993]" started-at="2024-04-21T14:04:35 BST" name="loginApplication" finished-at="2024-04-21T14:04:54 BST" duration-ms="18645" status="PASS">
          <reporter-output>
          </reporter-output>
        </test-method> <!-- loginApplication -->
        <test-method signature="addProductsToCart(java.lang.String,java.lang.String)[pri:1, instance:ordersTest.ProductOrdersTest@65987993]" started-at="2024-04-21T14:04:56 BST" name="addProductsToCart" data-provider="TestData" finished-at="2024-04-21T14:05:04 BST" duration-ms="8692" status="PASS">
          <params>
            <param index="0">
              <value>
                <![CDATA[shirt]]>
              </value>
            </param>
            <param index="1">
              <value>
                <![CDATA[Men Shirt]]>
              </value>
            </param>
          </params>
          <reporter-output>
          </reporter-output>
        </test-method> <!-- addProductsToCart -->
        <test-method signature="checkOut()[pri:2, instance:ordersTest.ProductOrdersTest@65987993]" started-at="2024-04-21T14:05:04 BST" name="checkOut" finished-at="2024-04-21T14:06:22 BST" duration-ms="77791" status="PASS">
          <reporter-output>
          </reporter-output>
        </test-method> <!-- checkOut -->
        <test-method is-config="true" signature="quitBrowser()[pri:0, instance:ordersTest.ProductOrdersTest@65987993]" started-at="2024-04-21T14:06:22 BST" name="quitBrowser" finished-at="2024-04-21T14:06:32 BST" duration-ms="9798" status="PASS">
          <reporter-output>
          </reporter-output>
        </test-method> <!-- quitBrowser -->
      </class> <!-- ordersTest.ProductOrdersTest -->
    </test> <!-- Default test -->
  </suite> <!-- Default suite -->
</testng-results>
